0 info it worked if it ends with ok
1 verbose cli [ 'C:\\Program Files\\nodejs\\\\node.exe',
1 verbose cli   'C:\\Program Files\\nodejs\\node_modules\\npm\\bin\\npm-cli.js',
1 verbose cli   'restart' ]
2 info using npm@2.5.1
3 info using node@v0.12.0
4 verbose node symlink C:\Program Files\nodejs\\node.exe
5 verbose run-script [ 'prerestart',
5 verbose run-script   'prestop',
5 verbose run-script   'stop',
5 verbose run-script   'poststop',
5 verbose run-script   'restart',
5 verbose run-script   'prestart',
5 verbose run-script   'start',
5 verbose run-script   'poststart',
5 verbose run-script   'postrestart' ]
6 info prerestart chat_application@0.0.1
7 info prestop chat_application@0.0.1
8 info stop chat_application@0.0.1
9 info poststop chat_application@0.0.1
10 info restart chat_application@0.0.1
11 info prestart chat_application@0.0.1
12 info start chat_application@0.0.1
13 verbose unsafe-perm in lifecycle true
14 info chat_application@0.0.1 Failed to exec start script
15 verbose stack Error: chat_application@0.0.1 start: `node ./bin/www`
15 verbose stack Exit status 1
15 verbose stack     at EventEmitter.<anonymous> (C:\Program Files\nodejs\node_modules\npm\lib\utils\lifecycle.js:213:16)
15 verbose stack     at EventEmitter.emit (events.js:110:17)
15 verbose stack     at ChildProcess.<anonymous> (C:\Program Files\nodejs\node_modules\npm\lib\utils\spawn.js:14:12)
15 verbose stack     at ChildProcess.emit (events.js:110:17)
15 verbose stack     at maybeClose (child_process.js:1008:16)
15 verbose stack     at Process.ChildProcess._handle.onexit (child_process.js:1080:5)
16 verbose pkgid chat_application@0.0.1
17 verbose cwd C:\Users\Marwen\Documents\GitHub\chat_application
18 error Windows_NT 6.2.9200
19 error argv "C:\\Program Files\\nodejs\\\\node.exe" "C:\\Program Files\\nodejs\\node_modules\\npm\\bin\\npm-cli.js" "restart"
20 error node v0.12.0
21 error npm  v2.5.1
22 error code ELIFECYCLE
23 error chat_application@0.0.1 start: `node ./bin/www`
23 error Exit status 1
24 error Failed at the chat_application@0.0.1 start script 'node ./bin/www'.
24 error This is most likely a problem with the chat_application package,
24 error not with npm itself.
24 error Tell the author that this fails on your system:
24 error     node ./bin/www
24 error You can get their info via:
24 error     npm owner ls chat_application
24 error There is likely additional logging output above.
25 verbose exit [ 1, true ]
